12:18:27 INFO  : Registering command handlers for SDK TCF services
12:18:27 INFO  : Launching XSCT server: xsct.bat -interactive C:\ECE_315\ece315lab4\lab_4_v0\lab_4_v0.sdk\temp_xsdb_launch_script.tcl
12:18:31 INFO  : XSCT server has started successfully.
12:18:31 INFO  : Successfully done setting XSCT server connection channel  
12:18:31 INFO  : Successfully done setting SDK workspace  
12:18:31 INFO  : Processing command line option -hwspec C:/ECE_315/ece315lab4/lab_4_v0/lab_4_v0.sdk/design_1_wrapper.hdf.
12:20:39 INFO  : Refreshed build settings on project ece315lab4
14:53:42 INFO  : Registering command handlers for SDK TCF services
14:53:43 INFO  : Launching XSCT server: xsct.bat -interactive C:\ECE_315\ece315lab4\lab_4_v0\lab_4_v0.sdk\temp_xsdb_launch_script.tcl
14:53:50 INFO  : XSCT server has started successfully.
14:53:50 INFO  : Successfully done setting XSCT server connection channel  
14:53:50 INFO  : Successfully done setting SDK workspace  
14:53:50 INFO  : Processing command line option -hwspec C:/ECE_315/ece315lab4/lab_4_v0/lab_4_v0.sdk/design_1_wrapper.hdf.
14:53:50 INFO  : Checking for hwspec changes in the project design_1_wrapper_hw_platform_0.
14:56:41 INFO  : Connected to target on host '127.0.0.1' and port '3121'.
14:56:42 INFO  : Jtag cable 'Digilent Zybo Z7 210351AB6E73A' is selected.
14:56:42 INFO  : 'jtag frequency' command is executed.
14:56:42 INFO  : Sourcing of 'C:/ECE_315/ece315lab4/lab_4_v0/lab_4_v0.sdk/design_1_wrapper_hw_platform_0/ps7_init.tcl' is done.
14:56:42 INFO  : Context for 'APU' is selected.
14:56:42 INFO  : System reset is completed.
14:56:45 INFO  : 'after 3000' command is executed.
14:56:46 INFO  : 'targets -set -filter {jtag_cable_name =~ "Digilent Zybo Z7 210351AB6E73A" && level==0} -index 1' command is executed.
14:56:47 INFO  : FPGA configured successfully with bitstream "C:/ECE_315/ece315lab4/lab_4_v0/lab_4_v0.sdk/design_1_wrapper_hw_platform_0/design_1_wrapper.bit"
14:56:48 INFO  : Context for 'APU' is selected.
14:56:48 INFO  : Hardware design information is loaded from 'C:/ECE_315/ece315lab4/lab_4_v0/lab_4_v0.sdk/design_1_wrapper_hw_platform_0/system.hdf'.
14:56:48 INFO  : 'configparams force-mem-access 1' command is executed.
14:56:48 INFO  : Context for 'APU' is selected.
14:56:49 INFO  : 'ps7_init' command is executed.
14:56:49 INFO  : 'ps7_post_config' command is executed.
14:56:49 INFO  : Context for processor 'ps7_cortexa9_0' is selected.
14:56:50 INFO  : The application 'C:/ECE_315/ece315lab4/lab_4_v0/lab_4_v0.sdk/ece315lab4/Debug/ece315lab4.elf' is downloaded to processor 'ps7_cortexa9_0'.
14:56:50 INFO  : 'configparams force-mem-access 0' command is executed.
14:56:50 INFO  : ----------------XSDB Script----------------
connect -url tcp:127.0.0.1:3121
source C:/ECE_315/ece315lab4/lab_4_v0/lab_4_v0.sdk/design_1_wrapper_hw_platform_0/ps7_init.tcl
targets -set -nocase -filter {name =~"APU*" && jtag_cable_name =~ "Digilent Zybo Z7 210351AB6E73A"} -index 0
rst -system
after 3000
targets -set -filter {jtag_cable_name =~ "Digilent Zybo Z7 210351AB6E73A" && level==0} -index 1
fpga -file C:/ECE_315/ece315lab4/lab_4_v0/lab_4_v0.sdk/design_1_wrapper_hw_platform_0/design_1_wrapper.bit
targets -set -nocase -filter {name =~"APU*" && jtag_cable_name =~ "Digilent Zybo Z7 210351AB6E73A"} -index 0
loadhw -hw C:/ECE_315/ece315lab4/lab_4_v0/lab_4_v0.sdk/design_1_wrapper_hw_platform_0/system.hdf -mem-ranges [list {0x40000000 0xbfffffff}]
configparams force-mem-access 1
targets -set -nocase -filter {name =~"APU*" && jtag_cable_name =~ "Digilent Zybo Z7 210351AB6E73A"} -index 0
ps7_init
ps7_post_config
targets -set -nocase -filter {name =~ "ARM*#0" && jtag_cable_name =~ "Digilent Zybo Z7 210351AB6E73A"} -index 0
dow C:/ECE_315/ece315lab4/lab_4_v0/lab_4_v0.sdk/ece315lab4/Debug/ece315lab4.elf
configparams force-mem-access 0
----------------End of Script----------------

14:56:50 INFO  : Memory regions updated for context APU
14:56:50 INFO  : Context for processor 'ps7_cortexa9_0' is selected.
14:56:50 INFO  : 'con' command is executed.
14:56:50 INFO  : ----------------XSDB Script (After Launch)----------------
targets -set -nocase -filter {name =~ "ARM*#0" && jtag_cable_name =~ "Digilent Zybo Z7 210351AB6E73A"} -index 0
con
----------------End of Script----------------

14:56:50 INFO  : Launch script is exported to file 'C:\ECE_315\ece315lab4\lab_4_v0\lab_4_v0.sdk\.sdk\launch_scripts\xilinx_c-c++_application_(system_debugger)\system_debugger_using_debug_ece315lab4.elf_on_local.tcl'
15:02:31 INFO  : Disconnected from the channel tcfchan#1.
15:02:32 INFO  : Connected to target on host '127.0.0.1' and port '3121'.
15:02:33 INFO  : Jtag cable 'Digilent Zybo Z7 210351AB6E73A' is selected.
15:02:33 INFO  : 'jtag frequency' command is executed.
15:02:33 INFO  : Sourcing of 'C:/ECE_315/ece315lab4/lab_4_v0/lab_4_v0.sdk/design_1_wrapper_hw_platform_0/ps7_init.tcl' is done.
15:02:33 INFO  : Context for 'APU' is selected.
15:02:33 INFO  : System reset is completed.
15:02:36 INFO  : 'after 3000' command is executed.
15:02:37 INFO  : 'targets -set -filter {jtag_cable_name =~ "Digilent Zybo Z7 210351AB6E73A" && level==0} -index 1' command is executed.
15:02:38 INFO  : FPGA configured successfully with bitstream "C:/ECE_315/ece315lab4/lab_4_v0/lab_4_v0.sdk/design_1_wrapper_hw_platform_0/design_1_wrapper.bit"
15:02:38 INFO  : Context for 'APU' is selected.
15:02:42 INFO  : Hardware design information is loaded from 'C:/ECE_315/ece315lab4/lab_4_v0/lab_4_v0.sdk/design_1_wrapper_hw_platform_0/system.hdf'.
15:02:42 INFO  : 'configparams force-mem-access 1' command is executed.
15:02:42 INFO  : Context for 'APU' is selected.
15:02:43 INFO  : 'ps7_init' command is executed.
15:02:43 INFO  : 'ps7_post_config' command is executed.
15:02:43 INFO  : Context for processor 'ps7_cortexa9_0' is selected.
15:02:44 INFO  : The application 'C:/ECE_315/ece315lab4/lab_4_v0/lab_4_v0.sdk/ece315lab4/Debug/ece315lab4.elf' is downloaded to processor 'ps7_cortexa9_0'.
15:02:44 INFO  : 'configparams force-mem-access 0' command is executed.
15:02:44 INFO  : ----------------XSDB Script----------------
connect -url tcp:127.0.0.1:3121
source C:/ECE_315/ece315lab4/lab_4_v0/lab_4_v0.sdk/design_1_wrapper_hw_platform_0/ps7_init.tcl
targets -set -nocase -filter {name =~"APU*" && jtag_cable_name =~ "Digilent Zybo Z7 210351AB6E73A"} -index 0
rst -system
after 3000
targets -set -filter {jtag_cable_name =~ "Digilent Zybo Z7 210351AB6E73A" && level==0} -index 1
fpga -file C:/ECE_315/ece315lab4/lab_4_v0/lab_4_v0.sdk/design_1_wrapper_hw_platform_0/design_1_wrapper.bit
targets -set -nocase -filter {name =~"APU*" && jtag_cable_name =~ "Digilent Zybo Z7 210351AB6E73A"} -index 0
loadhw -hw C:/ECE_315/ece315lab4/lab_4_v0/lab_4_v0.sdk/design_1_wrapper_hw_platform_0/system.hdf -mem-ranges [list {0x40000000 0xbfffffff}]
configparams force-mem-access 1
targets -set -nocase -filter {name =~"APU*" && jtag_cable_name =~ "Digilent Zybo Z7 210351AB6E73A"} -index 0
ps7_init
ps7_post_config
targets -set -nocase -filter {name =~ "ARM*#0" && jtag_cable_name =~ "Digilent Zybo Z7 210351AB6E73A"} -index 0
dow C:/ECE_315/ece315lab4/lab_4_v0/lab_4_v0.sdk/ece315lab4/Debug/ece315lab4.elf
configparams force-mem-access 0
----------------End of Script----------------

15:02:44 INFO  : Memory regions updated for context APU
15:02:45 INFO  : Context for processor 'ps7_cortexa9_0' is selected.
15:02:45 INFO  : 'con' command is executed.
15:02:45 INFO  : ----------------XSDB Script (After Launch)----------------
targets -set -nocase -filter {name =~ "ARM*#0" && jtag_cable_name =~ "Digilent Zybo Z7 210351AB6E73A"} -index 0
con
----------------End of Script----------------

15:02:45 INFO  : Launch script is exported to file 'C:\ECE_315\ece315lab4\lab_4_v0\lab_4_v0.sdk\.sdk\launch_scripts\xilinx_c-c++_application_(system_debugger)\system_debugger_using_debug_ece315lab4.elf_on_local.tcl'
15:18:00 INFO  : Disconnected from the channel tcfchan#2.
15:18:14 INFO  : Registering command handlers for SDK TCF services
15:18:15 INFO  : Launching XSCT server: xsct.bat -interactive C:\ECE_315\ece315lab4\lab_4_v0\lab_4_v0.sdk\temp_xsdb_launch_script.tcl
15:18:18 INFO  : XSCT server has started successfully.
15:18:19 INFO  : Successfully done setting XSCT server connection channel  
15:18:19 INFO  : Successfully done setting SDK workspace  
15:18:19 INFO  : Processing command line option -hwspec C:/ECE_315/ece315lab4/lab_4_v0/lab_4_v0.sdk/design_1_wrapper.hdf.
15:18:19 INFO  : Checking for hwspec changes in the project design_1_wrapper_hw_platform_0.
15:55:52 INFO  : Connected to target on host '127.0.0.1' and port '3121'.
15:55:52 INFO  : Jtag cable 'Digilent Zybo Z7 210351AB6E73A' is selected.
15:55:52 INFO  : 'jtag frequency' command is executed.
15:55:52 INFO  : Sourcing of 'C:/ECE_315/ece315lab4/lab_4_v0/lab_4_v0.sdk/design_1_wrapper_hw_platform_0/ps7_init.tcl' is done.
15:55:52 INFO  : Context for 'APU' is selected.
15:55:53 INFO  : System reset is completed.
15:55:56 INFO  : 'after 3000' command is executed.
15:55:56 INFO  : 'targets -set -filter {jtag_cable_name =~ "Digilent Zybo Z7 210351AB6E73A" && level==0} -index 1' command is executed.
15:55:57 INFO  : FPGA configured successfully with bitstream "C:/ECE_315/ece315lab4/lab_4_v0/lab_4_v0.sdk/design_1_wrapper_hw_platform_0/design_1_wrapper.bit"
15:55:57 INFO  : Context for 'APU' is selected.
15:55:57 INFO  : Hardware design information is loaded from 'C:/ECE_315/ece315lab4/lab_4_v0/lab_4_v0.sdk/design_1_wrapper_hw_platform_0/system.hdf'.
15:55:57 INFO  : 'configparams force-mem-access 1' command is executed.
15:55:57 INFO  : Context for 'APU' is selected.
15:55:58 INFO  : 'ps7_init' command is executed.
15:55:58 INFO  : 'ps7_post_config' command is executed.
15:55:58 INFO  : Context for processor 'ps7_cortexa9_0' is selected.
15:55:58 INFO  : The application 'C:/ECE_315/ece315lab4/lab_4_v0/lab_4_v0.sdk/ece315lab4/Debug/ece315lab4.elf' is downloaded to processor 'ps7_cortexa9_0'.
15:55:58 INFO  : 'configparams force-mem-access 0' command is executed.
15:55:58 INFO  : ----------------XSDB Script----------------
connect -url tcp:127.0.0.1:3121
source C:/ECE_315/ece315lab4/lab_4_v0/lab_4_v0.sdk/design_1_wrapper_hw_platform_0/ps7_init.tcl
targets -set -nocase -filter {name =~"APU*" && jtag_cable_name =~ "Digilent Zybo Z7 210351AB6E73A"} -index 0
rst -system
after 3000
targets -set -filter {jtag_cable_name =~ "Digilent Zybo Z7 210351AB6E73A" && level==0} -index 1
fpga -file C:/ECE_315/ece315lab4/lab_4_v0/lab_4_v0.sdk/design_1_wrapper_hw_platform_0/design_1_wrapper.bit
targets -set -nocase -filter {name =~"APU*" && jtag_cable_name =~ "Digilent Zybo Z7 210351AB6E73A"} -index 0
loadhw -hw C:/ECE_315/ece315lab4/lab_4_v0/lab_4_v0.sdk/design_1_wrapper_hw_platform_0/system.hdf -mem-ranges [list {0x40000000 0xbfffffff}]
configparams force-mem-access 1
targets -set -nocase -filter {name =~"APU*" && jtag_cable_name =~ "Digilent Zybo Z7 210351AB6E73A"} -index 0
ps7_init
ps7_post_config
targets -set -nocase -filter {name =~ "ARM*#0" && jtag_cable_name =~ "Digilent Zybo Z7 210351AB6E73A"} -index 0
dow C:/ECE_315/ece315lab4/lab_4_v0/lab_4_v0.sdk/ece315lab4/Debug/ece315lab4.elf
configparams force-mem-access 0
----------------End of Script----------------

15:55:58 INFO  : Memory regions updated for context APU
15:55:59 INFO  : Context for processor 'ps7_cortexa9_0' is selected.
15:55:59 INFO  : 'con' command is executed.
15:55:59 INFO  : ----------------XSDB Script (After Launch)----------------
targets -set -nocase -filter {name =~ "ARM*#0" && jtag_cable_name =~ "Digilent Zybo Z7 210351AB6E73A"} -index 0
con
----------------End of Script----------------

15:55:59 INFO  : Launch script is exported to file 'C:\ECE_315\ece315lab4\lab_4_v0\lab_4_v0.sdk\.sdk\launch_scripts\xilinx_c-c++_application_(system_debugger)\system_debugger_using_debug_ece315lab4.elf_on_local.tcl'
15:59:52 INFO  : Disconnected from the channel tcfchan#1.
15:59:53 INFO  : Connected to target on host '127.0.0.1' and port '3121'.
16:00:00 INFO  : Jtag cable 'Digilent Zybo Z7 210351AB6E73A' is selected.
16:00:00 INFO  : 'jtag frequency' command is executed.
16:00:00 INFO  : Sourcing of 'C:/ECE_315/ece315lab4/lab_4_v0/lab_4_v0.sdk/design_1_wrapper_hw_platform_0/ps7_init.tcl' is done.
16:00:00 INFO  : Context for 'APU' is selected.
16:00:00 INFO  : System reset is completed.
16:00:03 INFO  : 'after 3000' command is executed.
16:00:03 INFO  : 'targets -set -filter {jtag_cable_name =~ "Digilent Zybo Z7 210351AB6E73A" && level==0} -index 1' command is executed.
16:00:04 INFO  : FPGA configured successfully with bitstream "C:/ECE_315/ece315lab4/lab_4_v0/lab_4_v0.sdk/design_1_wrapper_hw_platform_0/design_1_wrapper.bit"
16:00:05 INFO  : Context for 'APU' is selected.
16:00:07 INFO  : Hardware design information is loaded from 'C:/ECE_315/ece315lab4/lab_4_v0/lab_4_v0.sdk/design_1_wrapper_hw_platform_0/system.hdf'.
16:00:07 INFO  : 'configparams force-mem-access 1' command is executed.
16:00:07 INFO  : Context for 'APU' is selected.
16:00:07 INFO  : 'ps7_init' command is executed.
16:00:07 INFO  : 'ps7_post_config' command is executed.
16:00:07 INFO  : Context for processor 'ps7_cortexa9_0' is selected.
16:00:08 INFO  : The application 'C:/ECE_315/ece315lab4/lab_4_v0/lab_4_v0.sdk/ece315lab4/Debug/ece315lab4.elf' is downloaded to processor 'ps7_cortexa9_0'.
16:00:08 INFO  : 'configparams force-mem-access 0' command is executed.
16:00:08 INFO  : ----------------XSDB Script----------------
connect -url tcp:127.0.0.1:3121
source C:/ECE_315/ece315lab4/lab_4_v0/lab_4_v0.sdk/design_1_wrapper_hw_platform_0/ps7_init.tcl
targets -set -nocase -filter {name =~"APU*" && jtag_cable_name =~ "Digilent Zybo Z7 210351AB6E73A"} -index 0
rst -system
after 3000
targets -set -filter {jtag_cable_name =~ "Digilent Zybo Z7 210351AB6E73A" && level==0} -index 1
fpga -file C:/ECE_315/ece315lab4/lab_4_v0/lab_4_v0.sdk/design_1_wrapper_hw_platform_0/design_1_wrapper.bit
targets -set -nocase -filter {name =~"APU*" && jtag_cable_name =~ "Digilent Zybo Z7 210351AB6E73A"} -index 0
loadhw -hw C:/ECE_315/ece315lab4/lab_4_v0/lab_4_v0.sdk/design_1_wrapper_hw_platform_0/system.hdf -mem-ranges [list {0x40000000 0xbfffffff}]
configparams force-mem-access 1
targets -set -nocase -filter {name =~"APU*" && jtag_cable_name =~ "Digilent Zybo Z7 210351AB6E73A"} -index 0
ps7_init
ps7_post_config
targets -set -nocase -filter {name =~ "ARM*#0" && jtag_cable_name =~ "Digilent Zybo Z7 210351AB6E73A"} -index 0
dow C:/ECE_315/ece315lab4/lab_4_v0/lab_4_v0.sdk/ece315lab4/Debug/ece315lab4.elf
configparams force-mem-access 0
----------------End of Script----------------

16:00:08 INFO  : Memory regions updated for context APU
16:00:08 INFO  : Context for processor 'ps7_cortexa9_0' is selected.
16:00:08 INFO  : 'con' command is executed.
16:00:08 INFO  : ----------------XSDB Script (After Launch)----------------
targets -set -nocase -filter {name =~ "ARM*#0" && jtag_cable_name =~ "Digilent Zybo Z7 210351AB6E73A"} -index 0
con
----------------End of Script----------------

16:00:08 INFO  : Launch script is exported to file 'C:\ECE_315\ece315lab4\lab_4_v0\lab_4_v0.sdk\.sdk\launch_scripts\xilinx_c-c++_application_(system_debugger)\system_debugger_using_debug_ece315lab4.elf_on_local.tcl'
16:00:24 INFO  : Disconnected from the channel tcfchan#2.
16:00:25 INFO  : Connected to target on host '127.0.0.1' and port '3121'.
16:00:25 INFO  : Jtag cable 'Digilent Zybo Z7 210351AB6E73A' is selected.
16:00:25 INFO  : 'jtag frequency' command is executed.
16:00:25 INFO  : Sourcing of 'C:/ECE_315/ece315lab4/lab_4_v0/lab_4_v0.sdk/design_1_wrapper_hw_platform_0/ps7_init.tcl' is done.
16:00:25 INFO  : Context for 'APU' is selected.
16:00:25 INFO  : System reset is completed.
16:00:28 INFO  : 'after 3000' command is executed.
16:00:28 INFO  : 'targets -set -filter {jtag_cable_name =~ "Digilent Zybo Z7 210351AB6E73A" && level==0} -index 1' command is executed.
16:00:30 INFO  : FPGA configured successfully with bitstream "C:/ECE_315/ece315lab4/lab_4_v0/lab_4_v0.sdk/design_1_wrapper_hw_platform_0/design_1_wrapper.bit"
16:00:30 INFO  : Context for 'APU' is selected.
16:00:32 INFO  : Hardware design information is loaded from 'C:/ECE_315/ece315lab4/lab_4_v0/lab_4_v0.sdk/design_1_wrapper_hw_platform_0/system.hdf'.
16:00:32 INFO  : 'configparams force-mem-access 1' command is executed.
16:00:32 INFO  : Context for 'APU' is selected.
16:00:32 INFO  : 'ps7_init' command is executed.
16:00:32 INFO  : 'ps7_post_config' command is executed.
16:00:32 INFO  : Context for processor 'ps7_cortexa9_0' is selected.
16:00:32 INFO  : The application 'C:/ECE_315/ece315lab4/lab_4_v0/lab_4_v0.sdk/ece315lab4/Debug/ece315lab4.elf' is downloaded to processor 'ps7_cortexa9_0'.
16:00:32 INFO  : 'configparams force-mem-access 0' command is executed.
16:00:32 INFO  : ----------------XSDB Script----------------
connect -url tcp:127.0.0.1:3121
source C:/ECE_315/ece315lab4/lab_4_v0/lab_4_v0.sdk/design_1_wrapper_hw_platform_0/ps7_init.tcl
targets -set -nocase -filter {name =~"APU*" && jtag_cable_name =~ "Digilent Zybo Z7 210351AB6E73A"} -index 0
rst -system
after 3000
targets -set -filter {jtag_cable_name =~ "Digilent Zybo Z7 210351AB6E73A" && level==0} -index 1
fpga -file C:/ECE_315/ece315lab4/lab_4_v0/lab_4_v0.sdk/design_1_wrapper_hw_platform_0/design_1_wrapper.bit
targets -set -nocase -filter {name =~"APU*" && jtag_cable_name =~ "Digilent Zybo Z7 210351AB6E73A"} -index 0
loadhw -hw C:/ECE_315/ece315lab4/lab_4_v0/lab_4_v0.sdk/design_1_wrapper_hw_platform_0/system.hdf -mem-ranges [list {0x40000000 0xbfffffff}]
configparams force-mem-access 1
targets -set -nocase -filter {name =~"APU*" && jtag_cable_name =~ "Digilent Zybo Z7 210351AB6E73A"} -index 0
ps7_init
ps7_post_config
targets -set -nocase -filter {name =~ "ARM*#0" && jtag_cable_name =~ "Digilent Zybo Z7 210351AB6E73A"} -index 0
dow C:/ECE_315/ece315lab4/lab_4_v0/lab_4_v0.sdk/ece315lab4/Debug/ece315lab4.elf
configparams force-mem-access 0
----------------End of Script----------------

16:00:33 INFO  : Memory regions updated for context APU
16:00:33 INFO  : Context for processor 'ps7_cortexa9_0' is selected.
16:00:33 INFO  : 'con' command is executed.
16:00:33 INFO  : ----------------XSDB Script (After Launch)----------------
targets -set -nocase -filter {name =~ "ARM*#0" && jtag_cable_name =~ "Digilent Zybo Z7 210351AB6E73A"} -index 0
con
----------------End of Script----------------

16:00:33 INFO  : Launch script is exported to file 'C:\ECE_315\ece315lab4\lab_4_v0\lab_4_v0.sdk\.sdk\launch_scripts\xilinx_c-c++_application_(system_debugger)\system_debugger_using_debug_ece315lab4.elf_on_local.tcl'
16:00:55 INFO  : Disconnected from the channel tcfchan#3.
16:00:56 INFO  : Connected to target on host '127.0.0.1' and port '3121'.
16:00:56 INFO  : Jtag cable 'Digilent Zybo Z7 210351AB6E73A' is selected.
16:00:56 INFO  : 'jtag frequency' command is executed.
16:00:56 INFO  : Sourcing of 'C:/ECE_315/ece315lab4/lab_4_v0/lab_4_v0.sdk/design_1_wrapper_hw_platform_0/ps7_init.tcl' is done.
16:00:56 INFO  : Context for 'APU' is selected.
16:00:56 INFO  : System reset is completed.
16:00:59 INFO  : 'after 3000' command is executed.
16:00:59 INFO  : 'targets -set -filter {jtag_cable_name =~ "Digilent Zybo Z7 210351AB6E73A" && level==0} -index 1' command is executed.
16:01:01 INFO  : FPGA configured successfully with bitstream "C:/ECE_315/ece315lab4/lab_4_v0/lab_4_v0.sdk/design_1_wrapper_hw_platform_0/design_1_wrapper.bit"
16:01:01 INFO  : Context for 'APU' is selected.
16:01:02 INFO  : Hardware design information is loaded from 'C:/ECE_315/ece315lab4/lab_4_v0/lab_4_v0.sdk/design_1_wrapper_hw_platform_0/system.hdf'.
16:01:02 INFO  : 'configparams force-mem-access 1' command is executed.
16:01:03 INFO  : Context for 'APU' is selected.
16:01:03 INFO  : 'ps7_init' command is executed.
16:01:03 INFO  : 'ps7_post_config' command is executed.
16:01:03 INFO  : Context for processor 'ps7_cortexa9_0' is selected.
16:01:03 INFO  : The application 'C:/ECE_315/ece315lab4/lab_4_v0/lab_4_v0.sdk/ece315lab4/Debug/ece315lab4.elf' is downloaded to processor 'ps7_cortexa9_0'.
16:01:03 INFO  : 'configparams force-mem-access 0' command is executed.
16:01:03 INFO  : ----------------XSDB Script----------------
connect -url tcp:127.0.0.1:3121
source C:/ECE_315/ece315lab4/lab_4_v0/lab_4_v0.sdk/design_1_wrapper_hw_platform_0/ps7_init.tcl
targets -set -nocase -filter {name =~"APU*" && jtag_cable_name =~ "Digilent Zybo Z7 210351AB6E73A"} -index 0
rst -system
after 3000
targets -set -filter {jtag_cable_name =~ "Digilent Zybo Z7 210351AB6E73A" && level==0} -index 1
fpga -file C:/ECE_315/ece315lab4/lab_4_v0/lab_4_v0.sdk/design_1_wrapper_hw_platform_0/design_1_wrapper.bit
targets -set -nocase -filter {name =~"APU*" && jtag_cable_name =~ "Digilent Zybo Z7 210351AB6E73A"} -index 0
loadhw -hw C:/ECE_315/ece315lab4/lab_4_v0/lab_4_v0.sdk/design_1_wrapper_hw_platform_0/system.hdf -mem-ranges [list {0x40000000 0xbfffffff}]
configparams force-mem-access 1
targets -set -nocase -filter {name =~"APU*" && jtag_cable_name =~ "Digilent Zybo Z7 210351AB6E73A"} -index 0
ps7_init
ps7_post_config
targets -set -nocase -filter {name =~ "ARM*#0" && jtag_cable_name =~ "Digilent Zybo Z7 210351AB6E73A"} -index 0
dow C:/ECE_315/ece315lab4/lab_4_v0/lab_4_v0.sdk/ece315lab4/Debug/ece315lab4.elf
configparams force-mem-access 0
----------------End of Script----------------

16:01:03 INFO  : Memory regions updated for context APU
16:01:03 INFO  : Context for processor 'ps7_cortexa9_0' is selected.
16:01:03 INFO  : 'con' command is executed.
16:01:03 INFO  : ----------------XSDB Script (After Launch)----------------
targets -set -nocase -filter {name =~ "ARM*#0" && jtag_cable_name =~ "Digilent Zybo Z7 210351AB6E73A"} -index 0
con
----------------End of Script----------------

16:01:03 INFO  : Launch script is exported to file 'C:\ECE_315\ece315lab4\lab_4_v0\lab_4_v0.sdk\.sdk\launch_scripts\xilinx_c-c++_application_(system_debugger)\system_debugger_using_debug_ece315lab4.elf_on_local.tcl'
16:02:18 INFO  : Disconnected from the channel tcfchan#4.
16:02:19 INFO  : Connected to target on host '127.0.0.1' and port '3121'.
16:02:19 INFO  : Jtag cable 'Digilent Zybo Z7 210351AB6E73A' is selected.
16:02:19 INFO  : 'jtag frequency' command is executed.
16:02:19 INFO  : Sourcing of 'C:/ECE_315/ece315lab4/lab_4_v0/lab_4_v0.sdk/design_1_wrapper_hw_platform_0/ps7_init.tcl' is done.
16:02:19 INFO  : Context for 'APU' is selected.
16:02:19 INFO  : System reset is completed.
16:02:22 INFO  : 'after 3000' command is executed.
16:02:22 INFO  : 'targets -set -filter {jtag_cable_name =~ "Digilent Zybo Z7 210351AB6E73A" && level==0} -index 1' command is executed.
16:02:24 INFO  : FPGA configured successfully with bitstream "C:/ECE_315/ece315lab4/lab_4_v0/lab_4_v0.sdk/design_1_wrapper_hw_platform_0/design_1_wrapper.bit"
16:02:24 INFO  : Context for 'APU' is selected.
16:02:26 INFO  : Hardware design information is loaded from 'C:/ECE_315/ece315lab4/lab_4_v0/lab_4_v0.sdk/design_1_wrapper_hw_platform_0/system.hdf'.
16:02:26 INFO  : 'configparams force-mem-access 1' command is executed.
16:02:26 INFO  : Context for 'APU' is selected.
16:02:26 INFO  : 'ps7_init' command is executed.
16:02:26 INFO  : 'ps7_post_config' command is executed.
16:02:26 INFO  : Context for processor 'ps7_cortexa9_0' is selected.
16:02:26 INFO  : The application 'C:/ECE_315/ece315lab4/lab_4_v0/lab_4_v0.sdk/ece315lab4/Debug/ece315lab4.elf' is downloaded to processor 'ps7_cortexa9_0'.
16:02:26 INFO  : 'configparams force-mem-access 0' command is executed.
16:02:26 INFO  : ----------------XSDB Script----------------
connect -url tcp:127.0.0.1:3121
source C:/ECE_315/ece315lab4/lab_4_v0/lab_4_v0.sdk/design_1_wrapper_hw_platform_0/ps7_init.tcl
targets -set -nocase -filter {name =~"APU*" && jtag_cable_name =~ "Digilent Zybo Z7 210351AB6E73A"} -index 0
rst -system
after 3000
targets -set -filter {jtag_cable_name =~ "Digilent Zybo Z7 210351AB6E73A" && level==0} -index 1
fpga -file C:/ECE_315/ece315lab4/lab_4_v0/lab_4_v0.sdk/design_1_wrapper_hw_platform_0/design_1_wrapper.bit
targets -set -nocase -filter {name =~"APU*" && jtag_cable_name =~ "Digilent Zybo Z7 210351AB6E73A"} -index 0
loadhw -hw C:/ECE_315/ece315lab4/lab_4_v0/lab_4_v0.sdk/design_1_wrapper_hw_platform_0/system.hdf -mem-ranges [list {0x40000000 0xbfffffff}]
configparams force-mem-access 1
targets -set -nocase -filter {name =~"APU*" && jtag_cable_name =~ "Digilent Zybo Z7 210351AB6E73A"} -index 0
ps7_init
ps7_post_config
targets -set -nocase -filter {name =~ "ARM*#0" && jtag_cable_name =~ "Digilent Zybo Z7 210351AB6E73A"} -index 0
dow C:/ECE_315/ece315lab4/lab_4_v0/lab_4_v0.sdk/ece315lab4/Debug/ece315lab4.elf
configparams force-mem-access 0
----------------End of Script----------------

16:02:27 INFO  : Memory regions updated for context APU
16:02:27 INFO  : Context for processor 'ps7_cortexa9_0' is selected.
16:02:27 INFO  : 'con' command is executed.
16:02:27 INFO  : ----------------XSDB Script (After Launch)----------------
targets -set -nocase -filter {name =~ "ARM*#0" && jtag_cable_name =~ "Digilent Zybo Z7 210351AB6E73A"} -index 0
con
----------------End of Script----------------

16:02:27 INFO  : Launch script is exported to file 'C:\ECE_315\ece315lab4\lab_4_v0\lab_4_v0.sdk\.sdk\launch_scripts\xilinx_c-c++_application_(system_debugger)\system_debugger_using_debug_ece315lab4.elf_on_local.tcl'
16:04:53 INFO  : Disconnected from the channel tcfchan#5.
16:04:54 INFO  : Connected to target on host '127.0.0.1' and port '3121'.
16:04:54 INFO  : Jtag cable 'Digilent Zybo Z7 210351AB6E73A' is selected.
16:04:54 INFO  : 'jtag frequency' command is executed.
16:04:54 INFO  : Sourcing of 'C:/ECE_315/ece315lab4/lab_4_v0/lab_4_v0.sdk/design_1_wrapper_hw_platform_0/ps7_init.tcl' is done.
16:04:54 INFO  : Context for 'APU' is selected.
16:04:54 INFO  : System reset is completed.
16:04:57 INFO  : 'after 3000' command is executed.
16:04:57 INFO  : 'targets -set -filter {jtag_cable_name =~ "Digilent Zybo Z7 210351AB6E73A" && level==0} -index 1' command is executed.
16:04:58 INFO  : FPGA configured successfully with bitstream "C:/ECE_315/ece315lab4/lab_4_v0/lab_4_v0.sdk/design_1_wrapper_hw_platform_0/design_1_wrapper.bit"
16:04:59 INFO  : Context for 'APU' is selected.
16:05:01 INFO  : Hardware design information is loaded from 'C:/ECE_315/ece315lab4/lab_4_v0/lab_4_v0.sdk/design_1_wrapper_hw_platform_0/system.hdf'.
16:05:01 INFO  : 'configparams force-mem-access 1' command is executed.
16:05:01 INFO  : Context for 'APU' is selected.
16:05:02 INFO  : 'ps7_init' command is executed.
16:05:02 INFO  : 'ps7_post_config' command is executed.
16:05:02 INFO  : Context for processor 'ps7_cortexa9_0' is selected.
16:05:02 INFO  : The application 'C:/ECE_315/ece315lab4/lab_4_v0/lab_4_v0.sdk/ece315lab4/Debug/ece315lab4.elf' is downloaded to processor 'ps7_cortexa9_0'.
16:05:02 INFO  : 'configparams force-mem-access 0' command is executed.
16:05:02 INFO  : ----------------XSDB Script----------------
connect -url tcp:127.0.0.1:3121
source C:/ECE_315/ece315lab4/lab_4_v0/lab_4_v0.sdk/design_1_wrapper_hw_platform_0/ps7_init.tcl
targets -set -nocase -filter {name =~"APU*" && jtag_cable_name =~ "Digilent Zybo Z7 210351AB6E73A"} -index 0
rst -system
after 3000
targets -set -filter {jtag_cable_name =~ "Digilent Zybo Z7 210351AB6E73A" && level==0} -index 1
fpga -file C:/ECE_315/ece315lab4/lab_4_v0/lab_4_v0.sdk/design_1_wrapper_hw_platform_0/design_1_wrapper.bit
targets -set -nocase -filter {name =~"APU*" && jtag_cable_name =~ "Digilent Zybo Z7 210351AB6E73A"} -index 0
loadhw -hw C:/ECE_315/ece315lab4/lab_4_v0/lab_4_v0.sdk/design_1_wrapper_hw_platform_0/system.hdf -mem-ranges [list {0x40000000 0xbfffffff}]
configparams force-mem-access 1
targets -set -nocase -filter {name =~"APU*" && jtag_cable_name =~ "Digilent Zybo Z7 210351AB6E73A"} -index 0
ps7_init
ps7_post_config
targets -set -nocase -filter {name =~ "ARM*#0" && jtag_cable_name =~ "Digilent Zybo Z7 210351AB6E73A"} -index 0
dow C:/ECE_315/ece315lab4/lab_4_v0/lab_4_v0.sdk/ece315lab4/Debug/ece315lab4.elf
configparams force-mem-access 0
----------------End of Script----------------

16:05:02 INFO  : Memory regions updated for context APU
16:05:02 INFO  : Context for processor 'ps7_cortexa9_0' is selected.
16:05:02 INFO  : 'con' command is executed.
16:05:02 INFO  : ----------------XSDB Script (After Launch)----------------
targets -set -nocase -filter {name =~ "ARM*#0" && jtag_cable_name =~ "Digilent Zybo Z7 210351AB6E73A"} -index 0
con
----------------End of Script----------------

16:05:02 INFO  : Launch script is exported to file 'C:\ECE_315\ece315lab4\lab_4_v0\lab_4_v0.sdk\.sdk\launch_scripts\xilinx_c-c++_application_(system_debugger)\system_debugger_using_debug_ece315lab4.elf_on_local.tcl'
